<?xml version="1.0" encoding="UTF-8"?>
<testsuite xmlns:xsi="http://www.w3.org/2001/XMLSchema-instance" xsi:noNamespaceSchemaLocation="https://maven.apache.org/surefire/maven-surefire-plugin/xsd/surefire-test-report-3.0.xsd" version="3.0" name="com.projet.test.ProjetMapperTest" time="0.015" tests="5" errors="0" skipped="0" failures="0">
  <properties>
    <property name="java.specification.version" value="19"/>
    <property name="sun.cpu.isalist" value="amd64"/>
    <property name="sun.jnu.encoding" value="GBK"/>
    <property name="java.class.path" value="C:\Users\lyx\IdeaProjects\Projet\target\test-classes;C:\Users\lyx\IdeaProjects\Projet\target\classes;C:\maven-repository\org\mybatis\mybatis\3.5.10\mybatis-3.5.10.jar;C:\maven-repository\org\xerial\sqlite-jdbc\3.42.0.0\sqlite-jdbc-3.42.0.0.jar;C:\maven-repository\junit\junit\4.13.2\junit-4.13.2.jar;C:\maven-repository\org\hamcrest\hamcrest-core\1.3\hamcrest-core-1.3.jar;C:\maven-repository\org\openjfx\javafx-base\21\javafx-base-21.jar;C:\maven-repository\org\openjfx\javafx-base\21\javafx-base-21-win.jar;C:\maven-repository\org\openjfx\javafx-controls\21\javafx-controls-21.jar;C:\maven-repository\org\openjfx\javafx-controls\21\javafx-controls-21-win.jar;C:\maven-repository\org\openjfx\javafx-fxml\21\javafx-fxml-21.jar;C:\maven-repository\org\openjfx\javafx-fxml\21\javafx-fxml-21-win.jar;C:\maven-repository\org\openjfx\javafx-graphics\21\javafx-graphics-21.jar;C:\maven-repository\org\openjfx\javafx-graphics\21\javafx-graphics-21-win.jar;C:\maven-repository\org\openjfx\javafx-media\21\javafx-media-21.jar;C:\maven-repository\org\openjfx\javafx-media\21\javafx-media-21-win.jar;C:\maven-repository\org\openjfx\javafx-web\21\javafx-web-21.jar;C:\maven-repository\org\openjfx\javafx-web\21\javafx-web-21-win.jar;C:\maven-repository\org\openjfx\javafx-swing\21\javafx-swing-21.jar;C:\maven-repository\org\openjfx\javafx-swing\21\javafx-swing-21-win.jar;"/>
    <property name="java.vm.vendor" value="Oracle Corporation"/>
    <property name="sun.arch.data.model" value="64"/>
    <property name="user.variant" value=""/>
    <property name="java.vendor.url" value="https://java.oracle.com/"/>
    <property name="user.timezone" value="Europe/Paris"/>
    <property name="user.country.format" value="FR"/>
    <property name="os.name" value="Windows 10"/>
    <property name="java.vm.specification.version" value="19"/>
    <property name="sun.java.launcher" value="SUN_STANDARD"/>
    <property name="user.country" value="CN"/>
    <property name="sun.boot.library.path" value="C:\Program Files\Java\jdk-19\bin"/>
    <property name="sun.java.command" value="C:\Users\lyx\AppData\Local\Temp\surefire8756686094175427543\surefirebooter-20231104013808177_3.jar C:\Users\lyx\AppData\Local\Temp\surefire8756686094175427543 2023-11-04T01-38-08_068-jvmRun1 surefire-20231104013808177_1tmp surefire_0-20231104013808177_2tmp"/>
    <property name="jdk.debug" value="release"/>
    <property name="surefire.test.class.path" value="C:\Users\lyx\IdeaProjects\Projet\target\test-classes;C:\Users\lyx\IdeaProjects\Projet\target\classes;C:\maven-repository\org\mybatis\mybatis\3.5.10\mybatis-3.5.10.jar;C:\maven-repository\org\xerial\sqlite-jdbc\3.42.0.0\sqlite-jdbc-3.42.0.0.jar;C:\maven-repository\junit\junit\4.13.2\junit-4.13.2.jar;C:\maven-repository\org\hamcrest\hamcrest-core\1.3\hamcrest-core-1.3.jar;C:\maven-repository\org\openjfx\javafx-base\21\javafx-base-21.jar;C:\maven-repository\org\openjfx\javafx-base\21\javafx-base-21-win.jar;C:\maven-repository\org\openjfx\javafx-controls\21\javafx-controls-21.jar;C:\maven-repository\org\openjfx\javafx-controls\21\javafx-controls-21-win.jar;C:\maven-repository\org\openjfx\javafx-fxml\21\javafx-fxml-21.jar;C:\maven-repository\org\openjfx\javafx-fxml\21\javafx-fxml-21-win.jar;C:\maven-repository\org\openjfx\javafx-graphics\21\javafx-graphics-21.jar;C:\maven-repository\org\openjfx\javafx-graphics\21\javafx-graphics-21-win.jar;C:\maven-repository\org\openjfx\javafx-media\21\javafx-media-21.jar;C:\maven-repository\org\openjfx\javafx-media\21\javafx-media-21-win.jar;C:\maven-repository\org\openjfx\javafx-web\21\javafx-web-21.jar;C:\maven-repository\org\openjfx\javafx-web\21\javafx-web-21-win.jar;C:\maven-repository\org\openjfx\javafx-swing\21\javafx-swing-21.jar;C:\maven-repository\org\openjfx\javafx-swing\21\javafx-swing-21-win.jar;"/>
    <property name="sun.cpu.endian" value="little"/>
    <property name="user.home" value="C:\Users\lyx"/>
    <property name="user.language" value="zh"/>
    <property name="java.specification.vendor" value="Oracle Corporation"/>
    <property name="java.version.date" value="2023-01-17"/>
    <property name="java.home" value="C:\Program Files\Java\jdk-19"/>
    <property name="file.separator" value="\"/>
    <property name="basedir" value="C:\Users\lyx\IdeaProjects\Projet"/>
    <property name="java.vm.compressedOopsMode" value="Zero based"/>
    <property name="line.separator" value="&#10;"/>
    <property name="java.vm.specification.vendor" value="Oracle Corporation"/>
    <property name="java.specification.name" value="Java Platform API Specification"/>
    <property name="surefire.real.class.path" value="C:\Users\lyx\AppData\Local\Temp\surefire8756686094175427543\surefirebooter-20231104013808177_3.jar"/>
    <property name="user.script" value=""/>
    <property name="sun.management.compiler" value="HotSpot 64-Bit Tiered Compilers"/>
    <property name="java.runtime.version" value="19.0.2+7-44"/>
    <property name="user.name" value="lyx"/>
    <property name="stdout.encoding" value="GBK"/>
    <property name="path.separator" value=";"/>
    <property name="os.version" value="10.0"/>
    <property name="java.runtime.name" value="Java(TM) SE Runtime Environment"/>
    <property name="file.encoding" value="UTF-8"/>
    <property name="java.vm.name" value="Java HotSpot(TM) 64-Bit Server VM"/>
    <property name="localRepository" value="C:\maven-repository"/>
    <property name="java.vendor.url.bug" value="https://bugreport.java.com/bugreport/"/>
    <property name="java.io.tmpdir" value="C:\Users\lyx\AppData\Local\Temp\"/>
    <property name="idea.version" value="2023.2.4"/>
    <property name="java.version" value="19.0.2"/>
    <property name="user.dir" value="C:\Users\lyx\IdeaProjects\Projet"/>
    <property name="os.arch" value="amd64"/>
    <property name="java.vm.specification.name" value="Java Virtual Machine Specification"/>
    <property name="user.language.format" value="fr"/>
    <property name="sun.os.patch.level" value=""/>
    <property name="native.encoding" value="GBK"/>
    <property name="java.library.path" value="C:\Program Files\Java\jdk-19\bin;C:\windows\Sun\Java\bin;C:\windows\system32;C:\windows;C:\Program Files\Common Files\Oracle\Java\javapath;C:\Program Files\Python310\Scripts\;C:\Program Files\Python310\;C:\windows\system32;C:\windows;C:\windows\System32\Wbem;C:\windows\System32\WindowsPowerShell\v1.0\;C:\windows\System32\OpenSSH\;C:\Program Files (x86)\NVIDIA Corporation\PhysX\Common;C:\Program Files\Microsoft SQL Server\Client SDK\ODBC\170\Tools\Binn\;C:\Program Files (x86)\Microsoft SQL Server\150\Tools\Binn\;C:\Program Files\Microsoft SQL Server\150\Tools\Binn\;C:\Program Files\Microsoft SQL Server\150\DTS\Binn\;C:\Program Files (x86)\Microsoft SQL Server\150\DTS\Binn\;C:\Program Files\Azure Data Studio\bin;C:\Users\lyx\Desktop\mongosh-1.8.0-win32-x64\bin;C:\Program Files\Git\cmd;C:\Program Files\Graphviz\bin;C:\Users\lyx\anaconda3;C:\Users\lyx\anaconda3\Library\mingw-w64\bin;C:\Users\lyx\anaconda3\Library\usr\bin;C:\Users\lyx\anaconda3\Library\bin;C:\Users\lyx\anaconda3\Scripts;C:\Users\lyx\AppData\Local\Microsoft\WindowsApps;C:\Program Files\Azure Data Studio\bin;C:\Users\lyx\IntelliJ IDEA Community Edition 2022.2.3\bin;;C:\Users\lyx\AppData\Local\GitHubDesktop\bin;C:\MySQL Server 8.0\bin;C:\Program Files\Java\jdk-19\bin\bin;;."/>
    <property name="java.vm.info" value="mixed mode, sharing"/>
    <property name="stderr.encoding" value="GBK"/>
    <property name="java.vendor" value="Oracle Corporation"/>
    <property name="java.vm.version" value="19.0.2+7-44"/>
    <property name="sun.io.unicode.encoding" value="UnicodeLittle"/>
    <property name="maven.repo.local" value="C:\maven-repository"/>
    <property name="java.class.version" value="63.0"/>
  </properties>
  <testcase name="testSelectByCondition" classname="com.projet.test.ProjetMapperTest" time="0.003">
    <system-out><![CDATA[1
]]></system-out>
  </testcase>
  <testcase name="testUpdateProjet" classname="com.projet.test.ProjetMapperTest" time="0.001">
    <system-out><![CDATA[1
]]></system-out>
  </testcase>
  <testcase name="testAddProjet" classname="com.projet.test.ProjetMapperTest" time="0.005"/>
  <testcase name="testDeleteById" classname="com.projet.test.ProjetMapperTest" time="0.001"/>
  <testcase name="testSelectById" classname="com.projet.test.ProjetMapperTest" time="0.001"/>
</testsuite>